opened device PYTHON from pid:2940
scheduled     2 kernels in    18.55 ms | CACHE MISS 7b84c87e |      45 uops in cache
am 0000:08:00.0: AM_SOC initialized
am 0000:08:00.0: AM_GMC initialized
am 0000:08:00.0: AM_IH initialized
am 0000:08:00.0: loading sos component: PSP_FW_TYPE_PSP_KDB
am 0000:08:00.0: loading sos component: PSP_FW_TYPE_PSP_KDB
am 0000:08:00.0: loading sos component: PSP_FW_TYPE_PSP_SYS_DRV
am 0000:08:00.0: loading sos component: PSP_FW_TYPE_PSP_SOS
am 0000:08:00.0: loading fw: GFX_FW_TYPE_SMU
am 0000:08:00.0: loading fw: GFX_FW_TYPE_SDMA_UCODE_TH1
am 0000:08:00.0: loading fw: GFX_FW_TYPE_SDMA_UCODE_TH0
am 0000:08:00.0: loading fw: GFX_FW_TYPE_RS64_MEC
am 0000:08:00.0: loading fw: GFX_FW_TYPE_RS64_MEC_P0_STACK
am 0000:08:00.0: loading fw: GFX_FW_TYPE_IMU_I
am 0000:08:00.0: loading fw: GFX_FW_TYPE_IMU_D
am 0000:08:00.0: loading fw: GFX_FW_TYPE_RLC_IRAM
am 0000:08:00.0: loading fw: GFX_FW_TYPE_RLC_DRAM_BOOT
am 0000:08:00.0: loading fw: GFX_FW_TYPE_RLC_P
am 0000:08:00.0: loading fw: GFX_FW_TYPE_RLC_V
am 0000:08:00.0: loading fw: GFX_FW_TYPE_RLC_G
am 0000:08:00.0: AM_PSP initialized
am 0000:08:00.0: AM_SMU initialized
am 0000:08:00.0: AM_GFX initialized
am 0000:08:00.0: AM_SDMA initialized
am 0000:08:00.0: boot done
AMDDevice: opening 0 with target (11, 0, 0) arch gfx1100
opened device AMD from pid:2940
[32m*** AMD        1[0m [33mcopy       12 B,     AMD <- PYTHON [0m            arg  2 mem   0.00 GB tm   4541.66us/     4.54ms (      0 GFLOPS    0|0      GB/s) 
[32m*** AMD        2[0m E[90m_[0m[36m3[0m[90m[0m                                            arg  2 mem   0.00 GB tm      5.12us/     4.55ms (      0 GFLOPS    0|0      GB/s) 
[2, 3, 4]
am 0000:08:00.0: Finalizing
rc=0
