Traceback (most recent call last):
  File "<string>", line 1, in <module>
  File "/home/ubuntu/tinygrad-arkey/tinygrad/tensor.py", line 100, in __init__
    _device:str|tuple[str, ...] = canonicalize_device(device)
                                  ^^^^^^^^^^^^^^^^^^^^^^^^^^^
  File "/home/ubuntu/tinygrad-arkey/tinygrad/device.py", line 58, in canonicalize_device
    if not isinstance(device, (tuple, list)): return Device.canonicalize(device)
                                                     ^^^^^^^^^^^^^^^^^^^^^^^^^^^
  File "/home/ubuntu/tinygrad-arkey/tinygrad/device.py", line 22, in canonicalize
    def canonicalize(self, device:str|None) -> str: return self._canonicalize(device if device is not None else Device.DEFAULT)
                                                                                                                ^^^^^^^^^^^^^^
  File "/home/ubuntu/tinygrad-arkey/tinygrad/device.py", line 42, in DEFAULT
    def DEFAULT(self) -> str: return DEV.device or self._select_device
                                                   ^^^^^^^^^^^^^^^^^^^
  File "/usr/lib/python3.12/functools.py", line 995, in __get__
    val = self.func(instance)
          ^^^^^^^^^^^^^^^^^^^
  File "/home/ubuntu/tinygrad-arkey/tinygrad/device.py", line 47, in _select_device
    assert (dev:=next((d for d in self._devices if d not in ["DISK", "TINYFS", "NPY"] and getenv(d) == 1), None)) is None, \
           ^^^^^^^^^^^^^^^^^^^^^^^^^^^^^^^^^^^^^^^^^^^^^^^^^^^^^^^^^^^^^^^^^^^^^^^^^^^^^^^^^^^^^^^^^^^^^^^^^^^^^^^^^^^^^^
AssertionError: AMD=1 is deprecated, use DEV=AMD instead
rc=0
