Traceback (most recent call last):
  File "<string>", line 1, in <module>
  File "/home/ubuntu/tinygrad-arkey/tinygrad/tensor.py", line 1574, in _wrapper
    ret = fn(*args, **kwargs)
          ^^^^^^^^^^^^^^^^^^^
  File "/home/ubuntu/tinygrad-arkey/tinygrad/tensor.py", line 339, in tolist
    return self.data().tolist()
           ^^^^^^^^^^^
  File "/home/ubuntu/tinygrad-arkey/tinygrad/tensor.py", line 1548, in _wrapper
    if TRACEMETA < 1 or _METADATA.get() is not None: return fn(*args, **kwargs)
                                                            ^^^^^^^^^^^^^^^^^^^
  File "/home/ubuntu/tinygrad-arkey/tinygrad/tensor.py", line 308, in data
    return self._buffer().as_memoryview().cast(self.dtype.base.fmt, self.shape)
           ^^^^^^^^^^^^^^
  File "/home/ubuntu/tinygrad-arkey/tinygrad/tensor.py", line 1548, in _wrapper
    if TRACEMETA < 1 or _METADATA.get() is not None: return fn(*args, **kwargs)
                                                            ^^^^^^^^^^^^^^^^^^^
  File "/home/ubuntu/tinygrad-arkey/tinygrad/tensor.py", line 292, in _buffer
    return cast(Buffer, x.realize().uop.buffer).ensure_allocated()
                        ^^^^^^^^^^^
  File "/home/ubuntu/tinygrad-arkey/tinygrad/tensor.py", line 1548, in _wrapper
    if TRACEMETA < 1 or _METADATA.get() is not None: return fn(*args, **kwargs)
                                                            ^^^^^^^^^^^^^^^^^^^
  File "/usr/lib/python3.12/contextlib.py", line 81, in inner
    return func(*args, **kwds)
           ^^^^^^^^^^^^^^^^^^^
  File "/home/ubuntu/tinygrad-arkey/tinygrad/tensor.py", line 244, in realize
    run_linear(*Tensor.linear_with_vars(*to_realize), update_stats=do_update_stats)
  File "/home/ubuntu/tinygrad-arkey/tinygrad/engine/realize.py", line 253, in run_linear
    if not jit: linear = compile_linear(linear, validate=VALIDATE_WITH_CPU)
                         ^^^^^^^^^^^^^^^^^^^^^^^^^^^^^^^^^^^^^^^^^^^^^^^^^^
  File "/home/ubuntu/tinygrad-arkey/tinygrad/engine/realize.py", line 249, in compile_linear
    linear = graph_rewrite(linear, pm_compile, name="precompile kernels", walk=True)
             ^^^^^^^^^^^^^^^^^^^^^^^^^^^^^^^^^^^^^^^^^^^^^^^^^^^^^^^^^^^^^^^^^^^^^^^
  File "/home/ubuntu/tinygrad-arkey/tinygrad/uop/ops.py", line 1406, in wrap_profile_matches
    return fxn(*args, **kwargs)
           ^^^^^^^^^^^^^^^^^^^^
  File "/home/ubuntu/tinygrad-arkey/tinygrad/uop/ops.py", line 1586, in graph_rewrite
    return rewrite_ctx.walk_rewrite(sink) if walk else rewrite_ctx.unified_rewrite(sink)
           ^^^^^^^^^^^^^^^^^^^^^^^^^^^^^^
  File "/home/ubuntu/tinygrad-arkey/tinygrad/uop/ops.py", line 1513, in walk_rewrite
    if self.pm is not None and (rewritten:=self.pm_rewrite(new_n)) is not None: new_n = rewritten
                                           ^^^^^^^^^^^^^^^^^^^^^^
  File "/home/ubuntu/tinygrad-arkey/tinygrad/uop/ops.py", line 1485, in pm_rewrite
    def pm_rewrite(self, x:UOp) -> UOp|None: return unwrap(self.pm).rewrite(x, self.ctx)
                                                    ^^^^^^^^^^^^^^^^^^^^^^^^^^^^^^^^^^^^
  File "/home/ubuntu/tinygrad-arkey/tinygrad/uop/ops.py", line 1322, in rewrite
    if (ret:=match(uop, ctx)) is not None and ret is not uop: return ret
             ^^^^^^^^^^^^^^^
  File "<string>", line 3, in compiled_match
  File "/home/ubuntu/tinygrad-arkey/tinygrad/engine/realize.py", line 226, in <lambda>
    call.replace(src=(to_program(ast, Device[call.device if isinstance(call.device, str) else call.device[0]].renderer), *call.src[1:]))),
                                      ~~~~~~^^^^^^^^^^^^^^^^^^^^^^^^^^^^^^^^^^^^^^^^^^^^^^^^^^^^^^^^^^^^^^^^^
  File "/home/ubuntu/tinygrad-arkey/tinygrad/device.py", line 26, in __getitem__
    return self.__get_canonicalized_item(ix)
           ^^^^^^^^^^^^^^^^^^^^^^^^^^^^^^^^^
  File "/home/ubuntu/tinygrad-arkey/tinygrad/device.py", line 31, in __get_canonicalized_item
    ret = [cls for cname, cls in inspect.getmembers(importlib.import_module(f'{base}.runtime.ops_{x}')) \
          ^^^^^^^^^^^^^^^^^^^^^^^^^^^^^^^^^^^^^^^^^^^^^^^^^^^^^^^^^^^^^^^^^^^^^^^^^^^^^^^^^^^^^^^^^^^^^^^
  File "/home/ubuntu/tinygrad-arkey/tinygrad/runtime/ops_amd.py", line 965, in __init__
    self.iface = self._select_iface()
                 ^^^^^^^^^^^^^^^^^^^^
  File "/home/ubuntu/tinygrad-arkey/tinygrad/runtime/support/hcq.py", line 502, in _select_iface
    return select_first_inited([functools.partial(cast(Callable, iface), self, self.device_id) for iface in filtered],
           ^^^^^^^^^^^^^^^^^^^^^^^^^^^^^^^^^^^^^^^^^^^^^^^^^^^^^^^^^^^^^^^^^^^^^^^^^^^^^^^^^^^^^^^^^^^^^^^^^^^^^^^^^^^
  File "/home/ubuntu/tinygrad-arkey/tinygrad/helpers.py", line 147, in select_first_inited
    raise excs[0] if len(excs) == 1 else ExceptionGroup(err_msg + " is available", excs)
  File "/home/ubuntu/tinygrad-arkey/tinygrad/helpers.py", line 143, in select_first_inited
    x = typ(*args)
        ^^^^^^^^^^
  File "/home/ubuntu/tinygrad-arkey/tinygrad/runtime/ops_amd.py", line 850, in __init__
    super().__init__(dev, dev_id, vendor=0x1002, devices=((0xffff, AMD_RUNTIME_DEVICES),), vram_bar=0,
  File "/home/ubuntu/tinygrad-arkey/tinygrad/runtime/support/system.py", line 273, in __init__
    self.dev_impl = dev_impl_t(self.pci_dev)
                    ^^^^^^^^^^^^^^^^^^^^^^^^
  File "/home/ubuntu/tinygrad-arkey/tinygrad/runtime/support/am/amdev.py", line 192, in __init__
    self.init_sw(smi_dev=False)
  File "/home/ubuntu/tinygrad-arkey/tinygrad/runtime/support/am/amdev.py", line 303, in init_sw
    self.fw = AMFirmware(self)
              ^^^^^^^^^^^^^^^^
  File "/home/ubuntu/tinygrad-arkey/tinygrad/runtime/support/am/amdev.py", line 32, in __init__
    blob, sos_hdr = self.load_fw(f"psp_{fmt_ver(am.MP0_HWIP)}_sos.bin", versioned_header='struct_psp_firmware_header')
                    ^^^^^^^^^^^^^^^^^^^^^^^^^^^^^^^^^^^^^^^^^^^^^^^^^^^^^^^^^^^^^^^^^^^^^^^^^^^^^^^^^^^^^^^^^^^^^^^^^^
  File "/home/ubuntu/tinygrad-arkey/tinygrad/runtime/support/am/amdev.py", line 111, in load_fw
    blob = memoryview(bytearray(fetch_fw("amdgpu", fname, fw.hashes[fname])))
                                ^^^^^^^^^^^^^^^^^^^^^^^^^^^^^^^^^^^^^^^^^^^
  File "/home/ubuntu/tinygrad-arkey/tinygrad/helpers.py", line 481, in fetch_fw
    return fetch(f"https://gitlab.com/kernel-firmware/linux-firmware/-/raw/1e2c15348485939baf1b6d1f5a7a3b799d80703d/{path}/{name}",
           ^^^^^^^^^^^^^^^^^^^^^^^^^^^^^^^^^^^^^^^^^^^^^^^^^^^^^^^^^^^^^^^^^^^^^^^^^^^^^^^^^^^^^^^^^^^^^^^^^^^^^^^^^^^^^^^^^^^^^^^^
  File "/home/ubuntu/tinygrad-arkey/tinygrad/helpers.py", line 458, in fetch
    if not fp.is_file() or not allow_caching or (sha256 and hashlib.sha256(fp.read_bytes()).hexdigest() != sha256):
                                                                           ^^^^^^^^^^^^^^^
  File "/usr/lib/python3.12/pathlib.py", line 1021, in read_bytes
    with self.open(mode='rb') as f:
         ^^^^^^^^^^^^^^^^^^^^
  File "/usr/lib/python3.12/pathlib.py", line 1015, in open
    return io.open(self, mode, buffering, encoding, errors, newline)
           ^^^^^^^^^^^^^^^^^^^^^^^^^^^^^^^^^^^^^^^^^^^^^^^^^^^^^^^^^
PermissionError: [Errno 13] Permission denied: '/home/ubuntu/.cache/tinygrad/downloads/fw/ecbea1509b50980d5c874c1ecb492e1e'
opened device PYTHON from pid:2490
scheduled     2 kernels in    17.95 ms | CACHE MISS 7b84c87e |      45 uops in cache
remote: sent 0.00 MB (0.03 MB/s), recv 0.01 MB (0.08 MB/s), 8 roundtrips in 0.13s
rc=1
